-------------------------------------------------------------------------------
Test set: integration.KarateTest
-------------------------------------------------------------------------------
Tests run: 1, Failures: 1, Errors: 0, Skipped: 0, Time elapsed: 1.809 s <<< FAILURE! - in integration.KarateTest
testUsers[1][1]  Time elapsed: 1.357 s  <<< FAILURE!
org.opentest4j.AssertionFailedError: 
http call failed after 199 milliseconds for url: http://localhost:8081/api/employees
classpath:employees.feature:8

